[debug] [2021-02-05T17:59:56.599Z] ----------------------------------------------------------------------
[debug] [2021-02-05T17:59:56.603Z] Command:       C:\Program Files\nodejs\node.exe C:\Program Files\nodejs\node_modules\firebase-tools\lib\bin\firebase.js init
[debug] [2021-02-05T17:59:56.603Z] CLI Version:   9.3.0
[debug] [2021-02-05T17:59:56.604Z] Platform:      win32
[debug] [2021-02-05T17:59:56.604Z] Node Version:  v14.15.4
[debug] [2021-02-05T17:59:56.605Z] Time:          Fri Feb 05 2021 18:59:56 GMT+0100 (West Africa Standard Time)
[debug] [2021-02-05T17:59:56.606Z] ----------------------------------------------------------------------
[debug] [2021-02-05T17:59:56.606Z] 
[debug] [2021-02-05T17:59:56.617Z] > command requires scopes: ["email","openid","https://www.googleapis.com/auth/cloudplatformprojects.readonly","https://www.googleapis.com/auth/firebase","https://www.googleapis.com/auth/cloud-platform"]
[debug] [2021-02-05T17:59:56.618Z] > authorizing via signed-in user
[info] 
     ######## #### ########  ######## ########     ###     ######  ########
     ##        ##  ##     ## ##       ##     ##  ##   ##  ##       ##
     ######    ##  ########  ######   ########  #########  ######  ######
     ##        ##  ##    ##  ##       ##     ## ##     ##       ## ##
     ##       #### ##     ## ######## ########  ##     ##  ######  ########

You're about to initialize a Firebase project in this directory:

  C:\Users\devGeorgeOwi\Desktop\builds\netflix-clone-youtube

[info] 
=== Project Setup
[info] 
[info] First, let's associate this project directory with a Firebase project.
[info] You can create multiple project aliases by running firebase use --add, 
[info] but for now we'll just set up a default project.
[info] 
[debug] [2021-02-05T18:00:11.586Z] >>> [apiv2][query] GET https://firebase.googleapis.com/v1beta1/projects pageSize=100
[debug] [2021-02-05T18:00:12.482Z] <<< [apiv2][status] GET https://firebase.googleapis.com/v1beta1/projects 200
[debug] [2021-02-05T18:00:12.483Z] <<< [apiv2][body] GET https://firebase.googleapis.com/v1beta1/projects [omitted]
[info] i  Using project netflix-clone-c32d1 (netflix-clone-youtube) 
[info] 
=== Hosting Setup
[info] 
[info] Your public directory is the folder (relative to your project directory) that
[info] will contain Hosting assets to be uploaded with firebase deploy. If you
[info] have a build process for your assets, use your build's output directory.
[info] 
